<?xml version="1.0" encoding="UTF-8"?>
<!-- Generated by org.testng.reporters.JUnitXMLReporter -->
<testsuite ignored="0" hostname="DESKTOP-BHVU9IE" failures="0" tests="2" name="TestExecution" time="0.051" errors="0" timestamp="2024-12-30T20:00:45 IST">
  <testcase classname="testBase.BaseClass" name="@BeforeClass setup" time="-1.735569045467E9">
    <failure type="org.testng.TestNGException" message="
Parameter &amp;apos;OS&amp;apos; is required by BeforeClass on method setup but has not been marked @Optional or defined
in C:\Users\prajyot\eclipse-workspace\OpenCartV121\grouping.xml">
      <![CDATA[org.testng.TestNGException: 
Parameter 'OS' is required by BeforeClass on method setup but has not been marked @Optional or defined
in C:\Users\prajyot\eclipse-workspace\OpenCartV121\grouping.xml
at java.base/java.util.ArrayList.forEach(ArrayList.java:1597)
... Removed 22 stack frames]]>
    </failure>
  </testcase> <!-- @BeforeClass setup -->
  <testcase classname="testBase.BaseClass" name="@AfterClass tearDown" time="-1.735569045496E9">
    <skipped/>
  </testcase> <!-- @AfterClass tearDown -->
  <testcase classname="testBase.BaseClass" name="@BeforeClass setup" time="-1.735569045499E9">
    <failure type="org.testng.TestNGException" message="
Parameter &amp;apos;OS&amp;apos; is required by BeforeClass on method setup but has not been marked @Optional or defined
in C:\Users\prajyot\eclipse-workspace\OpenCartV121\grouping.xml">
      <![CDATA[org.testng.TestNGException: 
Parameter 'OS' is required by BeforeClass on method setup but has not been marked @Optional or defined
in C:\Users\prajyot\eclipse-workspace\OpenCartV121\grouping.xml
at java.base/java.util.ArrayList.forEach(ArrayList.java:1597)
... Removed 22 stack frames]]>
    </failure>
  </testcase> <!-- @BeforeClass setup -->
  <testcase classname="testBase.BaseClass" name="@AfterClass tearDown" time="-1.735569045503E9">
    <skipped/>
  </testcase> <!-- @AfterClass tearDown -->
  <testcase classname="tastCases.TC001_AccountRegistrationTest" name="verify_Account_registration" time="0.0">
    <skipped/>
  </testcase> <!-- verify_Account_registration -->
  <testcase classname="tastCases.TC002_LoginTest" name="verify_login" time="0.0">
    <skipped/>
  </testcase> <!-- verify_login -->
</testsuite> <!-- TestExecution -->
