<?xml version="1.0" encoding="UTF-8"?>
<!-- Generated by org.testng.reporters.JUnitXMLReporter -->
<testsuite ignored="0" hostname="DESKTOP-BHVU9IE" failures="0" tests="2" name="Test" time="0.054" errors="0" timestamp="2024-12-30T22:28:22 IST">
  <testcase classname="testBase.BaseClass" name="@BeforeClass setup" time="-1.735577902267E9">
    <failure type="org.testng.TestNGException" message="
Parameter &amp;apos;OS&amp;apos; is required by BeforeClass on method setup but has not been marked @Optional or defined
in C:\Users\prajyot\eclipse-workspace\OpenCartV121\testng.xml">
      <![CDATA[org.testng.TestNGException: 
Parameter 'OS' is required by BeforeClass on method setup but has not been marked @Optional or defined
in C:\Users\prajyot\eclipse-workspace\OpenCartV121\testng.xml
at java.base/java.util.ArrayList.forEach(ArrayList.java:1597)
... Removed 22 stack frames]]>
    </failure>
  </testcase> <!-- @BeforeClass setup -->
  <testcase classname="testBase.BaseClass" name="@AfterClass tearDown" time="-1.735577902297E9">
    <skipped/>
  </testcase> <!-- @AfterClass tearDown -->
  <testcase classname="testBase.BaseClass" name="@BeforeClass setup" time="-1.735577902299E9">
    <failure type="org.testng.TestNGException" message="
Parameter &amp;apos;OS&amp;apos; is required by BeforeClass on method setup but has not been marked @Optional or defined
in C:\Users\prajyot\eclipse-workspace\OpenCartV121\testng.xml">
      <![CDATA[org.testng.TestNGException: 
Parameter 'OS' is required by BeforeClass on method setup but has not been marked @Optional or defined
in C:\Users\prajyot\eclipse-workspace\OpenCartV121\testng.xml
at java.base/java.util.ArrayList.forEach(ArrayList.java:1597)
... Removed 22 stack frames]]>
    </failure>
  </testcase> <!-- @BeforeClass setup -->
  <testcase classname="testBase.BaseClass" name="@AfterClass tearDown" time="-1.735577902304E9">
    <skipped/>
  </testcase> <!-- @AfterClass tearDown -->
  <testcase classname="tastCases.TC002_LoginTest" name="verify_login" time="0.0">
    <skipped/>
  </testcase> <!-- verify_login -->
  <testcase classname="tastCases.TC001_AccountRegistrationTest" name="verify_Account_registration" time="0.0">
    <skipped/>
  </testcase> <!-- verify_Account_registration -->
</testsuite> <!-- Test -->
